<?xml version="1.0" encoding="UTF-8"?>
<!-- Generated by org.testng.reporters.JUnitReportReporter -->
<testsuite hostname="LAPTOP-NNEH4MU1" failures="0" tests="1" name="tests.RegisterTest" time="12.679" errors="0" timestamp="2020-11-07T13:40:13 CST" skipped="0">
  <testcase classname="tests.RegisterTest" name="doRegister" time="12.679"/>
  <system-out/>
</testsuite> <!-- tests.RegisterTest -->
