<?xml version="1.0" encoding="UTF-8"?>
<!-- Generated by org.testng.reporters.JUnitReportReporter -->
<testsuite hostname="LAPTOP-NNEH4MU1" failures="0" tests="1" name="tests.PriceTest" time="11.565" errors="0" timestamp="2020-11-06T12:31:11 CST" skipped="0">
  <testcase classname="tests.PriceTest" name="doCheckPrice" time="11.565"/>
  <system-out/>
</testsuite> <!-- tests.PriceTest -->
