<?xml version="1.0" encoding="UTF-8"?>
<!-- Generated by org.testng.reporters.JUnitReportReporter -->
<testsuite hostname="LAPTOP-NNEH4MU1" failures="0" tests="1" name="tests.PriceTest" time="24.883" errors="0" timestamp="2020-11-05T23:15:20 CST" skipped="0">
  <testcase classname="tests.PriceTest" name="doCheckPrice" time="24.883"/>
  <system-out/>
</testsuite> <!-- tests.PriceTest -->
