<?xml version="1.0" encoding="UTF-8"?>
<!-- Generated by org.testng.reporters.JUnitReportReporter -->
<testsuite hostname="LAPTOP-NNEH4MU1" failures="0" tests="1" name="tests.PurchaseOrderTest" time="12.593" errors="0" timestamp="2020-11-03T01:29:56 CST" skipped="0">
  <testcase classname="tests.PurchaseOrderTest" name="doNotAllowedPurchase" time="12.593"/>
  <system-out/>
</testsuite> <!-- tests.PurchaseOrderTest -->
