<?xml version="1.0" encoding="UTF-8"?>
<!-- Generated by org.testng.reporters.JUnitReportReporter -->
<testsuite hostname="LAPTOP-NNEH4MU1" failures="0" tests="1" name="tests.PriceTest" time="12.415" errors="0" timestamp="2020-11-05T01:50:19 CST" skipped="0">
  <testcase classname="tests.PriceTest" name="doCheckPrice" time="12.415"/>
  <system-out/>
</testsuite> <!-- tests.PriceTest -->
